#
# A fatal error has been detected by the Java Runtime Environment:
#
#  EXCEPTION_ACCESS_VIOLATION (0xc0000005) at pc=0x000000007025f3f9, pid=17124, tid=13952
#
# JRE version: Java(TM) SE Runtime Environment (10.0.1+10) (build 10.0.1+10)
# Java VM: Java HotSpot(TM) 64-Bit Server VM (10.0.1+10, mixed mode, tiered, compressed oops, g1 gc, windows-amd64)
# Problematic frame:
# V  [jvm.dll+0x22f3f9]
#
# No core dump will be written. Minidumps are not enabled by default on client versions of Windows
#
# If you would like to submit a bug report, please visit:
#   http://bugreport.java.com/bugreport/crash.jsp
#

---------------  S U M M A R Y ------------

Command Line: -agentlib:jdwp=transport=dt_socket,suspend=y,address=localhost:64900 -Dcom.sun.management.jmxremote -Dcom.sun.management.jmxremote.port=64897 -Dcom.sun.management.jmxremote.authenticate=false -Dcom.sun.management.jmxremote.ssl=false -Djava.rmi.server.hostname=localhost -Dspring.jmx.enabled=true -Dspring.application.admin.enabled=true -Xverify:none -XX:TieredStopAtLevel=1 -Dspring.boot.project.name=Users -Dfile.encoding=UTF-8 com.expleo.users.AutoqbaApplication

Host: AMD PRO A4-3350B APU with Radeon R4 Graphics   , 4 cores, 10G,  Windows 10 , 64 bit Build 17134 (10.0.17134.753)
Time: Sat Dec 28 13:19:39 2019 India Standard Time elapsed time: 202 seconds (0d 0h 3m 22s)

---------------  T H R E A D  ---------------

Current thread (0x00000210d0407000):  VMThread "VM Thread" [stack: 0x000000bfdcc00000,0x000000bfdcd00000] [id=13952]

Stack: [0x000000bfdcc00000,0x000000bfdcd00000],  sp=0x000000bfdccfed20,  free space=1019k
Native frames: (J=compiled Java code, j=interpreted, Vv=VM code, C=native code)
V  [jvm.dll+0x22f3f9]
V  [jvm.dll+0x55e225]
V  [jvm.dll+0x55ec9b]
V  [jvm.dll+0x477314]
V  [jvm.dll+0x47ab4b]
V  [jvm.dll+0x47868b]
V  [jvm.dll+0x6c485c]
V  [jvm.dll+0x6c2fc5]
V  [jvm.dll+0x6c37d0]
V  [jvm.dll+0x6c3b0c]
V  [jvm.dll+0x59f680]
C  [msvcr120.dll+0x24f7f]
C  [msvcr120.dll+0x25126]
C  [KERNEL32.DLL+0x14034]
C  [ntdll.dll+0x73691]


siginfo: EXCEPTION_ACCESS_VIOLATION (0xc0000005), reading address 0x00000210d6813188


Register to memory mapping:

RIP=0x000000007025f3f9 jvm.dll
RAX=0x0000000000200000 is an unknown value
RBX=0x00000210d6610ff8 is pointing into metadata
RCX=0x00000210d6613188 is pointing into metadata
RDX=0x000000000000ffff is an unknown value
RSP=0x000000bfdccfed20 is an unknown value
RBP=0x000000bfdccfeda0 is an unknown value
RSI=0x000000000000ffff is an unknown value
RDI=0x000000000000ffff is an unknown value
R8 ={method} {0x00000210d66121b8} 'findByPanNumberService' '(Ljava/lang/String;)Lcom/expleo/users/model/UserSchema;' in 'com/expleo/users/controller/UserController'
R9 =0x00000210d6610ff8 is pointing into metadata
R10={method} {0x00000210d66121b8} 'findByPanNumberService' '(Ljava/lang/String;)Lcom/expleo/users/model/UserSchema;' in 'com/expleo/users/controller/UserController'
R11=0x0000000000000048 is an unknown value
R12=0x0000000000000010 is an unknown value
R13=0x0000000000000000 is an unknown value
R14={method} {0x00000210d66121b8} 'findByPanNumberService' '(Ljava/lang/String;)Lcom/expleo/users/model/UserSchema;' in 'com/expleo/users/controller/UserController'
R15={method} {0x00000210d46b1408} 'findByPanNumberService' '(Ljava/lang/String;)Lcom/expleo/users/model/UserSchema;' in 'com/expleo/users/controller/UserController'


Registers:
RAX=0x0000000000200000, RBX=0x00000210d6610ff8, RCX=0x00000210d6613188, RDX=0x000000000000ffff
RSP=0x000000bfdccfed20, RBP=0x000000bfdccfeda0, RSI=0x000000000000ffff, RDI=0x000000000000ffff
R8 =0x00000210d66121b0, R9 =0x00000210d6610ff8, R10=0x00000210d66121b0, R11=0x0000000000000048
R12=0x0000000000000010, R13=0x0000000000000000, R14=0x00000210d66121b0, R15=0x00000210d46b1400
RIP=0x000000007025f3f9, EFLAGS=0x0000000000010216

Top of Stack: (sp=0x000000bfdccfed20)
0x000000bfdccfed20:   00000210d21eff70 0000000070624a6b
0x000000bfdccfed30:   00000210d6611988 00000210d6611988
0x000000bfdccfed40:   000000000000001b 000000007058e225
0x000000bfdccfed50:   00000000000000b9 00000000000000c8
0x000000bfdccfed60:   000000000000005b 000000bfdccfeda0
0x000000bfdccfed70:   00000210d46b0b0a 00000000000000e6
0x000000bfdccfed80:   00000210d46b0ba0 00000210d66118f2
0x000000bfdccfed90:   00000000000000e6 00000210d6611988
0x000000bfdccfeda0:   00000210d66121b0 00000210d04042f8
0x000000bfdccfedb0:   000000bfdccfee29 000000007058ec9b
0x000000bfdccfedc0:   000000bfdccfee29 00000000000000b9
0x000000bfdccfedd0:   0000000000000000 0000000000000000
0x000000bfdccfede0:   00000210d66121b0 00000210d0407000
0x000000bfdccfedf0:   00000210d46b1400 00000210d0407000
0x000000bfdccfee00:   0000000a00000005 000000b90000000d
0x000000bfdccfee10:   0000000000000000 00000000000000b9 

Instructions: (pc=0x000000007025f3f9)
0x000000007025f3d9:   ba 94 02 00 00 e8 ad 54 00 00 e8 88 9b 36 00 48
0x000000007025f3e9:   8b 4b 10 48 85 c9 74 0f 48 8d 47 01 48 c1 e0 05
0x000000007025f3f9:   48 8b 04 08 0f b7 f8 48 63 c7 0f b7 4c c3 40 0f
0x000000007025f409:   b7 44 cb 42 48 8b 44 c3 40 48 8b 5c 24 30 48 83 


VM_Operation (0x000000bfdd5ff2f0): RedefineClasses, mode: safepoint, requested by thread 0x00000210d0693800, redefining class com.expleo.users.controller.UserController



---------------  P R O C E S S  ---------------

Threads class SMR info:
_java_thread_list=0x00000210d37dde70, length=43, elements={
0x00000210d040f000, 0x00000210d0418800, 0x00000210cfbd4000, 0x00000210cfbd7000,
0x00000210cfbd8000, 0x00000210d0472800, 0x00000210d0477800, 0x00000210d0480000,
0x00000210d0693800, 0x00000210d0694000, 0x00000210d0697000, 0x00000210d06a6000,
0x00000210d06a7000, 0x00000210d140d800, 0x00000210d164e000, 0x00000210d1647800,
0x00000210d1f7c800, 0x00000210d3ca9000, 0x00000210d173a000, 0x00000210d2217000,
0x00000210d251e800, 0x00000210d1b39800, 0x00000210d39c1000, 0x00000210d20f7000,
0x00000210d3a37000, 0x00000210d3a3c800, 0x00000210d3a37800, 0x00000210d3a35800,
0x00000210d3a3b800, 0x00000210d3a38800, 0x00000210d3a3b000, 0x00000210d3a36000,
0x00000210d3a39000, 0x00000210d3a3a000, 0x00000210d383b800, 0x00000210d3838000,
0x00000210d383a000, 0x00000210d3834800, 0x00000210d3835000, 0x00000210d3839000,
0x00000210d3836000, 0x00000210d383c000, 0x00000210d383a800
}

Java Threads: ( => current thread )
  0x00000210d040f000 JavaThread "Reference Handler" daemon [_thread_blocked, id=12960, stack(0x000000bfdcd00000,0x000000bfdce00000)]
  0x00000210d0418800 JavaThread "Finalizer" daemon [_thread_blocked, id=16856, stack(0x000000bfdce00000,0x000000bfdcf00000)]
  0x00000210cfbd4000 JavaThread "Signal Dispatcher" daemon [_thread_blocked, id=4080, stack(0x000000bfdcf00000,0x000000bfdd000000)]
  0x00000210cfbd7000 JavaThread "Attach Listener" daemon [_thread_blocked, id=6028, stack(0x000000bfdd000000,0x000000bfdd100000)]
  0x00000210cfbd8000 JavaThread "C1 CompilerThread0" daemon [_thread_blocked, id=14576, stack(0x000000bfdd100000,0x000000bfdd200000)]
  0x00000210d0472800 JavaThread "C1 CompilerThread1" daemon [_thread_blocked, id=3728, stack(0x000000bfdd200000,0x000000bfdd300000)]
  0x00000210d0477800 JavaThread "C1 CompilerThread2" daemon [_thread_blocked, id=10688, stack(0x000000bfdd300000,0x000000bfdd400000)]
  0x00000210d0480000 JavaThread "Sweeper thread" daemon [_thread_blocked, id=12992, stack(0x000000bfdd400000,0x000000bfdd500000)]
  0x00000210d0693800 JavaThread "JDWP Transport Listener: dt_socket" daemon [_thread_blocked, id=3696, stack(0x000000bfdd500000,0x000000bfdd600000)]
  0x00000210d0694000 JavaThread "JDWP Event Helper Thread" daemon [_thread_blocked, id=5308, stack(0x000000bfdd600000,0x000000bfdd700000)]
  0x00000210d0697000 JavaThread "JDWP Command Reader" daemon [_thread_in_native, id=15068, stack(0x000000bfdd700000,0x000000bfdd800000)]
  0x00000210d06a6000 JavaThread "Service Thread" daemon [_thread_blocked, id=11512, stack(0x000000bfdd800000,0x000000bfdd900000)]
  0x00000210d06a7000 JavaThread "Common-Cleaner" daemon [_thread_blocked, id=9000, stack(0x000000bfdd900000,0x000000bfdda00000)]
  0x00000210d140d800 JavaThread "RMI TCP Accept-0" daemon [_thread_in_native, id=16552, stack(0x000000bfdda00000,0x000000bfddb00000)]
  0x00000210d164e000 JavaThread "RMI TCP Accept-64897" daemon [_thread_in_native, id=15308, stack(0x000000bfddb00000,0x000000bfddc00000)]
  0x00000210d1647800 JavaThread "RMI TCP Accept-0" daemon [_thread_in_native, id=1312, stack(0x000000bfddc00000,0x000000bfddd00000)]
  0x00000210d1f7c800 JavaThread "cluster-ClusterId{value='5e0708585fbf4a7bb7aa1f4f', description='null'}-localhost:27017" daemon [_thread_blocked, id=15112, stack(0x000000bfdde00000,0x000000bfddf00000)]
  0x00000210d3ca9000 JavaThread "CleanCursors-1-thread-1" daemon [_thread_blocked, id=14136, stack(0x000000bfddf00000,0x000000bfde000000)]
  0x00000210d173a000 JavaThread "Catalina-utility-1" [_thread_blocked, id=14592, stack(0x000000bfde100000,0x000000bfde200000)]
  0x00000210d2217000 JavaThread "Catalina-utility-2" [_thread_blocked, id=1356, stack(0x000000bfde200000,0x000000bfde300000)]
  0x00000210d251e800 JavaThread "container-0" [_thread_blocked, id=9444, stack(0x000000bfde300000,0x000000bfde400000)]
  0x00000210d1b39800 JavaThread "spring.cloud.inetutils" daemon [_thread_blocked, id=11048, stack(0x000000bfde400000,0x000000bfde500000)]
  0x00000210d39c1000 JavaThread "Eureka-JerseyClient-Conn-Cleaner2" daemon [_thread_blocked, id=4932, stack(0x000000bfde500000,0x000000bfde600000)]
  0x00000210d20f7000 JavaThread "AsyncResolver-bootstrap-0" daemon [_thread_blocked, id=12500, stack(0x000000bfde600000,0x000000bfde700000)]
  0x00000210d3a37000 JavaThread "DiscoveryClient-0" daemon [_thread_blocked, id=12160, stack(0x000000bfde700000,0x000000bfde800000)]
  0x00000210d3a3c800 JavaThread "DiscoveryClient-1" daemon [_thread_blocked, id=13460, stack(0x000000bfde800000,0x000000bfde900000)]
  0x00000210d3a37800 JavaThread "DiscoveryClient-InstanceInfoReplicator-0" daemon [_thread_blocked, id=13632, stack(0x000000bfde900000,0x000000bfdea00000)]
  0x00000210d3a35800 JavaThread "http-nio-8080-BlockPoller" daemon [_thread_in_native, id=5392, stack(0x000000bfdec00000,0x000000bfded00000)]
  0x00000210d3a3b800 JavaThread "http-nio-8080-exec-1" daemon [_thread_blocked, id=1460, stack(0x000000bfded00000,0x000000bfdee00000)]
  0x00000210d3a38800 JavaThread "http-nio-8080-exec-2" daemon [_thread_blocked, id=11120, stack(0x000000bfdee00000,0x000000bfdef00000)]
  0x00000210d3a3b000 JavaThread "http-nio-8080-exec-3" daemon [_thread_blocked, id=13160, stack(0x000000bfdef00000,0x000000bfdf000000)]
  0x00000210d3a36000 JavaThread "http-nio-8080-exec-4" daemon [_thread_blocked, id=7852, stack(0x000000bfdf000000,0x000000bfdf100000)]
  0x00000210d3a39000 JavaThread "http-nio-8080-exec-5" daemon [_thread_blocked, id=5808, stack(0x000000bfdf100000,0x000000bfdf200000)]
  0x00000210d3a3a000 JavaThread "http-nio-8080-exec-6" daemon [_thread_blocked, id=16144, stack(0x000000bfdf200000,0x000000bfdf300000)]
  0x00000210d383b800 JavaThread "http-nio-8080-exec-7" daemon [_thread_blocked, id=5272, stack(0x000000bfdf300000,0x000000bfdf400000)]
  0x00000210d3838000 JavaThread "http-nio-8080-exec-8" daemon [_thread_blocked, id=13684, stack(0x000000bfdf400000,0x000000bfdf500000)]
  0x00000210d383a000 JavaThread "http-nio-8080-exec-9" daemon [_thread_blocked, id=3804, stack(0x000000bfdf500000,0x000000bfdf600000)]
  0x00000210d3834800 JavaThread "http-nio-8080-exec-10" daemon [_thread_blocked, id=11672, stack(0x000000bfdf600000,0x000000bfdf700000)]
  0x00000210d3835000 JavaThread "http-nio-8080-ClientPoller" daemon [_thread_in_native, id=14876, stack(0x000000bfdf700000,0x000000bfdf800000)]
  0x00000210d3839000 JavaThread "http-nio-8080-Acceptor" daemon [_thread_in_native, id=9592, stack(0x000000bfdf800000,0x000000bfdf900000)]
  0x00000210d3836000 JavaThread "DestroyJavaVM" [_thread_blocked, id=8776, stack(0x000000bfdc000000,0x000000bfdc100000)]
  0x00000210d383c000 JavaThread "DiscoveryClient-HeartbeatExecutor-0" daemon [_thread_blocked, id=16956, stack(0x000000bfdf900000,0x000000bfdfa00000)]
  0x00000210d383a800 JavaThread "DiscoveryClient-CacheRefreshExecutor-0" daemon [_thread_blocked, id=8768, stack(0x000000bfdfa00000,0x000000bfdfb00000)]

Other Threads:
=>0x00000210d0407000 VMThread "VM Thread" [stack: 0x000000bfdcc00000,0x000000bfdcd00000] [id=13952]
  0x00000210d1665800 WatcherThread [stack: 0x000000bfddd00000,0x000000bfdde00000] [id=15432]
  0x00000210acb17800 GCTaskThread "GC Thread#0" [stack: 0x000000bfdc100000,0x000000bfdc200000] [id=11764]
  0x00000210acb19000 GCTaskThread "GC Thread#1" [stack: 0x000000bfdc200000,0x000000bfdc300000] [id=6648]
  0x00000210acb1c800 GCTaskThread "GC Thread#2" [stack: 0x000000bfdc300000,0x000000bfdc400000] [id=9848]
  0x00000210acb1e000 GCTaskThread "GC Thread#3" [stack: 0x000000bfdc400000,0x000000bfdc500000] [id=14872]
  0x00000210acbb0000 ConcurrentGCThread "G1 Main Marker" [stack: 0x000000bfdc500000,0x000000bfdc600000] [id=7684]
  0x00000210acbb4800 ConcurrentGCThread "G1 Conc#0" [stack: 0x000000bfdc600000,0x000000bfdc700000] [id=11804]
  0x00000210cfa7f000 ConcurrentGCThread "G1 Refine#0" [stack: 0x000000bfdc700000,0x000000bfdc800000] [id=2984]
  0x00000210cfa80800 ConcurrentGCThread "G1 Refine#1" [stack: 0x000000bfdc800000,0x000000bfdc900000] [id=15488]
  0x00000210cfa84000 ConcurrentGCThread "G1 Refine#2" [stack: 0x000000bfdc900000,0x000000bfdca00000] [id=6052]
  0x00000210cfa8c800 ConcurrentGCThread "G1 Refine#3" [stack: 0x000000bfdca00000,0x000000bfdcb00000] [id=15444]
  0x00000210cfa92000 ConcurrentGCThread "G1 Young RemSet Sampling" [stack: 0x000000bfdcb00000,0x000000bfdcc00000] [id=7128]

Threads with active compile tasks:

VM state:at safepoint (normal execution)

VM Mutex/Monitor currently owned by a thread:  ([mutex/lock_event])
[0x00000210acaff450] Threads_lock - owner thread: 0x00000210d0407000

Heap address: 0x0000000710800000, size: 2808 MB, Compressed Oops mode: Zero based, Oop shift amount: 3
Narrow klass base: 0x0000000000000000, Narrow klass shift: 3
Compressed class space size: 1073741824 Address: 0x00000007c0000000

Heap:
 garbage-first heap   total 261120K, used 99346K [0x0000000710800000, 0x00000007c0000000)
  region size 1024K, 71 young (72704K), 8 survivors (8192K)
 Metaspace       used 64325K, capacity 66145K, committed 66380K, reserved 1107968K
  class space    used 8132K, capacity 8811K, committed 8832K, reserved 1048576K
Heap Regions: E=young(eden), S=young(survivor), O=old, HS=humongous(starts), HC=humongous(continues), CS=collection set, F=free, A=archive, TS=gc time stamp, AC=allocation context, TAMS=top-at-mark-start (previous, next)
|   0|0x0000000710800000, 0x0000000710900000, 0x0000000710900000|100%| O|  |TS  0|AC  0|TAMS 0x0000000710900000, 0x0000000710900000|
|   1|0x0000000710900000, 0x0000000710a00000, 0x0000000710a00000|100%| O|  |TS  0|AC  0|TAMS 0x0000000710a00000, 0x0000000710a00000|
|   2|0x0000000710a00000, 0x0000000710b00000, 0x0000000710b00000|100%| O|  |TS  0|AC  0|TAMS 0x0000000710b00000, 0x0000000710b00000|
|   3|0x0000000710b00000, 0x0000000710c00000, 0x0000000710c00000|100%| O|  |TS  0|AC  0|TAMS 0x0000000710c00000, 0x0000000710c00000|
|   4|0x0000000710c00000, 0x0000000710d00000, 0x0000000710d00000|100%| O|  |TS  0|AC  0|TAMS 0x0000000710d00000, 0x0000000710d00000|
|   5|0x0000000710d00000, 0x0000000710e00000, 0x0000000710e00000|100%| O|  |TS  0|AC  0|TAMS 0x0000000710e00000, 0x0000000710e00000|
|   6|0x0000000710e00000, 0x0000000710f00000, 0x0000000710f00000|100%| O|  |TS  0|AC  0|TAMS 0x0000000710f00000, 0x0000000710f00000|
|   7|0x0000000710f00000, 0x0000000711000000, 0x0000000711000000|100%| O|  |TS  0|AC  0|TAMS 0x0000000711000000, 0x0000000711000000|
|   8|0x0000000711000000, 0x0000000711100000, 0x0000000711100000|100%| O|  |TS  0|AC  0|TAMS 0x0000000711100000, 0x0000000711100000|
|   9|0x0000000711100000, 0x0000000711200000, 0x0000000711200000|100%| O|  |TS  0|AC  0|TAMS 0x0000000711200000, 0x0000000711200000|
|  10|0x0000000711200000, 0x0000000711300000, 0x0000000711300000|100%| O|  |TS  0|AC  0|TAMS 0x0000000711300000, 0x0000000711300000|
|  11|0x0000000711300000, 0x0000000711400000, 0x0000000711400000|100%| O|  |TS  0|AC  0|TAMS 0x0000000711400000, 0x0000000711400000|
|  12|0x0000000711400000, 0x0000000711500000, 0x0000000711500000|100%| O|  |TS  0|AC  0|TAMS 0x0000000711500000, 0x0000000711500000|
|  13|0x0000000711500000, 0x0000000711600000, 0x0000000711600000|100%| O|  |TS  0|AC  0|TAMS 0x0000000711600000, 0x0000000711600000|
|  14|0x0000000711600000, 0x0000000711700000, 0x0000000711700000|100%| O|  |TS  0|AC  0|TAMS 0x0000000711700000, 0x0000000711700000|
|  15|0x0000000711700000, 0x0000000711800000, 0x0000000711800000|100%| O|  |TS  0|AC  0|TAMS 0x0000000711800000, 0x0000000711800000|
|  16|0x0000000711800000, 0x0000000711900000, 0x0000000711900000|100%| O|  |TS  0|AC  0|TAMS 0x0000000711900000, 0x0000000711900000|
|  17|0x0000000711900000, 0x0000000711a00000, 0x0000000711a00000|100%| O|  |TS  0|AC  0|TAMS 0x0000000711a00000, 0x0000000711a00000|
|  18|0x0000000711a00000, 0x0000000711b00000, 0x0000000711b00000|100%| O|  |TS  0|AC  0|TAMS 0x0000000711b00000, 0x0000000711b00000|
|  19|0x0000000711b00000, 0x0000000711c00000, 0x0000000711c00000|100%| O|  |TS  0|AC  0|TAMS 0x0000000711c00000, 0x0000000711c00000|
|  20|0x0000000711c00000, 0x0000000711d00000, 0x0000000711d00000|100%| O|  |TS  0|AC  0|TAMS 0x0000000711d00000, 0x0000000711d00000|
|  21|0x0000000711d00000, 0x0000000711e00000, 0x0000000711e00000|100%| O|  |TS  0|AC  0|TAMS 0x0000000711e00000, 0x0000000711e00000|
|  22|0x0000000711e00000, 0x0000000711f00000, 0x0000000711f00000|100%| O|  |TS  0|AC  0|TAMS 0x0000000711f00000, 0x0000000711f00000|
|  23|0x0000000711f00000, 0x0000000711f84a00, 0x0000000712000000| 51%| O|  |TS  0|AC  0|TAMS 0x0000000711f84a00, 0x0000000711f84a00|
|  24|0x0000000712000000, 0x0000000712100000, 0x0000000712100000|100%|HS|  |TS  0|AC  0|TAMS 0x0000000712000000, 0x0000000712000000|
|  25|0x0000000712100000, 0x0000000712200000, 0x0000000712200000|100%|HS|  |TS  0|AC  0|TAMS 0x0000000712100000, 0x0000000712100000|
|  26|0x0000000712200000, 0x0000000712300000, 0x0000000712300000|100%|HS|  |TS  0|AC  0|TAMS 0x0000000712200000, 0x0000000712200000|
|  27|0x0000000712300000, 0x0000000712400000, 0x0000000712400000|100%|HS|  |TS  0|AC  0|TAMS 0x0000000712300000, 0x0000000712300000|
|  28|0x0000000712400000, 0x0000000712400000, 0x0000000712500000|  0%| F|  |TS  0|AC  0|TAMS 0x0000000712400000, 0x0000000712400000|
|  29|0x0000000712500000, 0x0000000712500000, 0x0000000712600000|  0%| F|  |TS  0|AC  0|TAMS 0x0000000712500000, 0x0000000712500000|
|  30|0x0000000712600000, 0x0000000712600000, 0x0000000712700000|  0%| F|  |TS  0|AC  0|TAMS 0x0000000712600000, 0x0000000712600000|
|  31|0x0000000712700000, 0x0000000712700000, 0x0000000712800000|  0%| F|  |TS  0|AC  0|TAMS 0x0000000712700000, 0x0000000712700000|
|  32|0x0000000712800000, 0x0000000712800000, 0x0000000712900000|  0%| F|  |TS  0|AC  0|TAMS 0x0000000712800000, 0x0000000712800000|
|  33|0x0000000712900000, 0x0000000712900000, 0x0000000712a00000|  0%| F|  |TS  0|AC  0|TAMS 0x0000000712900000, 0x0000000712900000|
|  34|0x0000000712a00000, 0x0000000712a00000, 0x0000000712b00000|  0%| F|  |TS  0|AC  0|TAMS 0x0000000712a00000, 0x0000000712a00000|
|  35|0x0000000712b00000, 0x0000000712b00000, 0x0000000712c00000|  0%| F|  |TS  0|AC  0|TAMS 0x0000000712b00000, 0x0000000712b00000|
|  36|0x0000000712c00000, 0x0000000712c00000, 0x0000000712d00000|  0%| F|  |TS  0|AC  0|TAMS 0x0000000712c00000, 0x0000000712c00000|
|  37|0x0000000712d00000, 0x0000000712d00000, 0x0000000712e00000|  0%| F|  |TS  0|AC  0|TAMS 0x0000000712d00000, 0x0000000712d00000|
|  38|0x0000000712e00000, 0x0000000712e00000, 0x0000000712f00000|  0%| F|  |TS  0|AC  0|TAMS 0x0000000712e00000, 0x0000000712e00000|
|  39|0x0000000712f00000, 0x0000000712f00000, 0x0000000713000000|  0%| F|  |TS  0|AC  0|TAMS 0x0000000712f00000, 0x0000000712f00000|
|  40|0x0000000713000000, 0x0000000713000000, 0x0000000713100000|  0%| F|  |TS  0|AC  0|TAMS 0x0000000713000000, 0x0000000713000000|
|  41|0x0000000713100000, 0x0000000713100000, 0x0000000713200000|  0%| F|  |TS  0|AC  0|TAMS 0x0000000713100000, 0x0000000713100000|
|  42|0x0000000713200000, 0x0000000713200000, 0x0000000713300000|  0%| F|  |TS  0|AC  0|TAMS 0x0000000713200000, 0x0000000713200000|
|  43|0x0000000713300000, 0x0000000713300000, 0x0000000713400000|  0%| F|  |TS  0|AC  0|TAMS 0x0000000713300000, 0x0000000713300000|
|  44|0x0000000713400000, 0x0000000713400000, 0x0000000713500000|  0%| F|  |TS  0|AC  0|TAMS 0x0000000713400000, 0x0000000713400000|
|  45|0x0000000713500000, 0x0000000713500000, 0x0000000713600000|  0%| F|  |TS  0|AC  0|TAMS 0x0000000713500000, 0x0000000713500000|
|  46|0x0000000713600000, 0x0000000713600000, 0x0000000713700000|  0%| F|  |TS  0|AC  0|TAMS 0x0000000713600000, 0x0000000713600000|
|  47|0x0000000713700000, 0x0000000713700000, 0x0000000713800000|  0%| F|  |TS  0|AC  0|TAMS 0x0000000713700000, 0x0000000713700000|
|  48|0x0000000713800000, 0x0000000713800000, 0x0000000713900000|  0%| F|  |TS  0|AC  0|TAMS 0x0000000713800000, 0x0000000713800000|
|  49|0x0000000713900000, 0x0000000713900000, 0x0000000713a00000|  0%| F|  |TS  0|AC  0|TAMS 0x0000000713900000, 0x0000000713900000|
|  50|0x0000000713a00000, 0x0000000713a00000, 0x0000000713b00000|  0%| F|  |TS  0|AC  0|TAMS 0x0000000713a00000, 0x0000000713a00000|
|  51|0x0000000713b00000, 0x0000000713b00000, 0x0000000713c00000|  0%| F|  |TS  0|AC  0|TAMS 0x0000000713b00000, 0x0000000713b00000|
|  52|0x0000000713c00000, 0x0000000713c00000, 0x0000000713d00000|  0%| F|  |TS  0|AC  0|TAMS 0x0000000713c00000, 0x0000000713c00000|
|  53|0x0000000713d00000, 0x0000000713d00000, 0x0000000713e00000|  0%| F|  |TS  0|AC  0|TAMS 0x0000000713d00000, 0x0000000713d00000|
|  54|0x0000000713e00000, 0x0000000713e00000, 0x0000000713f00000|  0%| F|  |TS  0|AC  0|TAMS 0x0000000713e00000, 0x0000000713e00000|
|  55|0x0000000713f00000, 0x0000000713f00000, 0x0000000714000000|  0%| F|  |TS  0|AC  0|TAMS 0x0000000713f00000, 0x0000000713f00000|
|  56|0x0000000714000000, 0x0000000714000000, 0x0000000714100000|  0%| F|  |TS  0|AC  0|TAMS 0x0000000714000000, 0x0000000714000000|
|  57|0x0000000714100000, 0x0000000714100000, 0x0000000714200000|  0%| F|  |TS  0|AC  0|TAMS 0x0000000714100000, 0x0000000714100000|
|  58|0x0000000714200000, 0x0000000714200000, 0x0000000714300000|  0%| F|  |TS  0|AC  0|TAMS 0x0000000714200000, 0x0000000714200000|
|  59|0x0000000714300000, 0x0000000714300000, 0x0000000714400000|  0%| F|  |TS  0|AC  0|TAMS 0x0000000714300000, 0x0000000714300000|
|  60|0x0000000714400000, 0x0000000714400000, 0x0000000714500000|  0%| F|  |TS  0|AC  0|TAMS 0x0000000714400000, 0x0000000714400000|
|  61|0x0000000714500000, 0x0000000714500000, 0x0000000714600000|  0%| F|  |TS  0|AC  0|TAMS 0x0000000714500000, 0x0000000714500000|
|  62|0x0000000714600000, 0x0000000714600000, 0x0000000714700000|  0%| F|  |TS  0|AC  0|TAMS 0x0000000714600000, 0x0000000714600000|
|  63|0x0000000714700000, 0x0000000714700000, 0x0000000714800000|  0%| F|  |TS  0|AC  0|TAMS 0x0000000714700000, 0x0000000714700000|
|  64|0x0000000714800000, 0x0000000714800000, 0x0000000714900000|  0%| F|  |TS  0|AC  0|TAMS 0x0000000714800000, 0x0000000714800000|
|  65|0x0000000714900000, 0x0000000714900000, 0x0000000714a00000|  0%| F|  |TS  0|AC  0|TAMS 0x0000000714900000, 0x0000000714900000|
|  66|0x0000000714a00000, 0x0000000714a00000, 0x0000000714b00000|  0%| F|  |TS  0|AC  0|TAMS 0x0000000714a00000, 0x0000000714a00000|
|  67|0x0000000714b00000, 0x0000000714b00000, 0x0000000714c00000|  0%| F|  |TS  0|AC  0|TAMS 0x0000000714b00000, 0x0000000714b00000|
|  68|0x0000000714c00000, 0x0000000714c00000, 0x0000000714d00000|  0%| F|  |TS  0|AC  0|TAMS 0x0000000714c00000, 0x0000000714c00000|
|  69|0x0000000714d00000, 0x0000000714d00000, 0x0000000714e00000|  0%| F|  |TS  0|AC  0|TAMS 0x0000000714d00000, 0x0000000714d00000|
|  70|0x0000000714e00000, 0x0000000714e00000, 0x0000000714f00000|  0%| F|  |TS  0|AC  0|TAMS 0x0000000714e00000, 0x0000000714e00000|
|  71|0x0000000714f00000, 0x0000000714f00000, 0x0000000715000000|  0%| F|  |TS  0|AC  0|TAMS 0x0000000714f00000, 0x0000000714f00000|
|  72|0x0000000715000000, 0x0000000715000000, 0x0000000715100000|  0%| F|  |TS  0|AC  0|TAMS 0x0000000715000000, 0x0000000715000000|
|  73|0x0000000715100000, 0x0000000715100000, 0x0000000715200000|  0%| F|  |TS  0|AC  0|TAMS 0x0000000715100000, 0x0000000715100000|
|  74|0x0000000715200000, 0x0000000715200000, 0x0000000715300000|  0%| F|  |TS  0|AC  0|TAMS 0x0000000715200000, 0x0000000715200000|
|  75|0x0000000715300000, 0x0000000715300000, 0x0000000715400000|  0%| F|  |TS  0|AC  0|TAMS 0x0000000715300000, 0x0000000715300000|
|  76|0x0000000715400000, 0x0000000715400000, 0x0000000715500000|  0%| F|  |TS  0|AC  0|TAMS 0x0000000715400000, 0x0000000715400000|
|  77|0x0000000715500000, 0x0000000715500000, 0x0000000715600000|  0%| F|  |TS  0|AC  0|TAMS 0x0000000715500000, 0x0000000715500000|
|  78|0x0000000715600000, 0x0000000715600000, 0x0000000715700000|  0%| F|  |TS  0|AC  0|TAMS 0x0000000715600000, 0x0000000715600000|
|  79|0x0000000715700000, 0x0000000715700000, 0x0000000715800000|  0%| F|  |TS  0|AC  0|TAMS 0x0000000715700000, 0x0000000715700000|
|  80|0x0000000715800000, 0x0000000715800000, 0x0000000715900000|  0%| F|  |TS  0|AC  0|TAMS 0x0000000715800000, 0x0000000715800000|
|  81|0x0000000715900000, 0x0000000715900000, 0x0000000715a00000|  0%| F|  |TS  0|AC  0|TAMS 0x0000000715900000, 0x0000000715900000|
|  82|0x0000000715a00000, 0x0000000715a00000, 0x0000000715b00000|  0%| F|  |TS  0|AC  0|TAMS 0x0000000715a00000, 0x0000000715a00000|
|  83|0x0000000715b00000, 0x0000000715b00000, 0x0000000715c00000|  0%| F|  |TS  0|AC  0|TAMS 0x0000000715b00000, 0x0000000715b00000|
|  84|0x0000000715c00000, 0x0000000715c00000, 0x0000000715d00000|  0%| F|  |TS  0|AC  0|TAMS 0x0000000715c00000, 0x0000000715c00000|
|  85|0x0000000715d00000, 0x0000000715d00000, 0x0000000715e00000|  0%| F|  |TS  0|AC  0|TAMS 0x0000000715d00000, 0x0000000715d00000|
|  86|0x0000000715e00000, 0x0000000715e00000, 0x0000000715f00000|  0%| F|  |TS  0|AC  0|TAMS 0x0000000715e00000, 0x0000000715e00000|
|  87|0x0000000715f00000, 0x0000000715f00000, 0x0000000716000000|  0%| F|  |TS  0|AC  0|TAMS 0x0000000715f00000, 0x0000000715f00000|
|  88|0x0000000716000000, 0x0000000716000000, 0x0000000716100000|  0%| F|  |TS  0|AC  0|TAMS 0x0000000716000000, 0x0000000716000000|
|  89|0x0000000716100000, 0x0000000716100000, 0x0000000716200000|  0%| F|  |TS  0|AC  0|TAMS 0x0000000716100000, 0x0000000716100000|
|  90|0x0000000716200000, 0x0000000716200000, 0x0000000716300000|  0%| F|  |TS  0|AC  0|TAMS 0x0000000716200000, 0x0000000716200000|
|  91|0x0000000716300000, 0x0000000716300000, 0x0000000716400000|  0%| F|  |TS  0|AC  0|TAMS 0x0000000716300000, 0x0000000716300000|
|  92|0x0000000716400000, 0x0000000716400000, 0x0000000716500000|  0%| F|  |TS  0|AC  0|TAMS 0x0000000716400000, 0x0000000716400000|
|  93|0x0000000716500000, 0x0000000716500000, 0x0000000716600000|  0%| F|  |TS  0|AC  0|TAMS 0x0000000716500000, 0x0000000716500000|
|  94|0x0000000716600000, 0x0000000716600000, 0x0000000716700000|  0%| F|  |TS  0|AC  0|TAMS 0x0000000716600000, 0x0000000716600000|
|  95|0x0000000716700000, 0x0000000716700000, 0x0000000716800000|  0%| F|  |TS  0|AC  0|TAMS 0x0000000716700000, 0x0000000716700000|
|  96|0x0000000716800000, 0x0000000716800000, 0x0000000716900000|  0%| F|  |TS  0|AC  0|TAMS 0x0000000716800000, 0x0000000716800000|
|  97|0x0000000716900000, 0x0000000716900000, 0x0000000716a00000|  0%| F|  |TS  0|AC  0|TAMS 0x0000000716900000, 0x0000000716900000|
|  98|0x0000000716a00000, 0x0000000716a00000, 0x0000000716b00000|  0%| F|  |TS  0|AC  0|TAMS 0x0000000716a00000, 0x0000000716a00000|
|  99|0x0000000716b00000, 0x0000000716b00000, 0x0000000716c00000|  0%| F|  |TS  0|AC  0|TAMS 0x0000000716b00000, 0x0000000716b00000|
| 100|0x0000000716c00000, 0x0000000716c00000, 0x0000000716d00000|  0%| F|  |TS  0|AC  0|TAMS 0x0000000716c00000, 0x0000000716c00000|
| 101|0x0000000716d00000, 0x0000000716d00000, 0x0000000716e00000|  0%| F|  |TS  0|AC  0|TAMS 0x0000000716d00000, 0x0000000716d00000|
| 102|0x0000000716e00000, 0x0000000716e00000, 0x0000000716f00000|  0%| F|  |TS  0|AC  0|TAMS 0x0000000716e00000, 0x0000000716e00000|
| 103|0x0000000716f00000, 0x0000000716f00000, 0x0000000717000000|  0%| F|  |TS  0|AC  0|TAMS 0x0000000716f00000, 0x0000000716f00000|
| 104|0x0000000717000000, 0x0000000717000000, 0x0000000717100000|  0%| F|  |TS  0|AC  0|TAMS 0x0000000717000000, 0x0000000717000000|
| 105|0x0000000717100000, 0x0000000717100000, 0x0000000717200000|  0%| F|  |TS  0|AC  0|TAMS 0x0000000717100000, 0x0000000717100000|
| 106|0x0000000717200000, 0x0000000717200000, 0x0000000717300000|  0%| F|  |TS  0|AC  0|TAMS 0x0000000717200000, 0x0000000717200000|
| 107|0x0000000717300000, 0x0000000717300000, 0x0000000717400000|  0%| F|  |TS  0|AC  0|TAMS 0x0000000717300000, 0x0000000717300000|
| 108|0x0000000717400000, 0x0000000717400000, 0x0000000717500000|  0%| F|  |TS  0|AC  0|TAMS 0x0000000717400000, 0x0000000717400000|
| 109|0x0000000717500000, 0x0000000717500000, 0x0000000717600000|  0%| F|  |TS  0|AC  0|TAMS 0x0000000717500000, 0x0000000717500000|
| 110|0x0000000717600000, 0x0000000717600000, 0x0000000717700000|  0%| F|  |TS  0|AC  0|TAMS 0x0000000717600000, 0x0000000717600000|
| 111|0x0000000717700000, 0x0000000717700000, 0x0000000717800000|  0%| F|  |TS  0|AC  0|TAMS 0x0000000717700000, 0x0000000717700000|
| 112|0x0000000717800000, 0x0000000717800000, 0x0000000717900000|  0%| F|  |TS  0|AC  0|TAMS 0x0000000717800000, 0x0000000717800000|
| 113|0x0000000717900000, 0x0000000717900000, 0x0000000717a00000|  0%| F|  |TS  0|AC  0|TAMS 0x0000000717900000, 0x0000000717900000|
| 114|0x0000000717a00000, 0x0000000717a00000, 0x0000000717b00000|  0%| F|  |TS  0|AC  0|TAMS 0x0000000717a00000, 0x0000000717a00000|
| 115|0x0000000717b00000, 0x0000000717b00000, 0x0000000717c00000|  0%| F|  |TS  0|AC  0|TAMS 0x0000000717b00000, 0x0000000717b00000|
| 116|0x0000000717c00000, 0x0000000717c00000, 0x0000000717d00000|  0%| F|  |TS  0|AC  0|TAMS 0x0000000717c00000, 0x0000000717c00000|
| 117|0x0000000717d00000, 0x0000000717d00000, 0x0000000717e00000|  0%| F|  |TS  0|AC  0|TAMS 0x0000000717d00000, 0x0000000717d00000|
| 118|0x0000000717e00000, 0x0000000717e00000, 0x0000000717f00000|  0%| F|  |TS  0|AC  0|TAMS 0x0000000717e00000, 0x0000000717e00000|
| 119|0x0000000717f00000, 0x0000000717f00000, 0x0000000718000000|  0%| F|  |TS  0|AC  0|TAMS 0x0000000717f00000, 0x0000000717f00000|
| 120|0x0000000718000000, 0x0000000718000000, 0x0000000718100000|  0%| F|  |TS  0|AC  0|TAMS 0x0000000718000000, 0x0000000718000000|
| 121|0x0000000718100000, 0x0000000718100000, 0x0000000718200000|  0%| F|  |TS  0|AC  0|TAMS 0x0000000718100000, 0x0000000718100000|
| 122|0x0000000718200000, 0x0000000718200000, 0x0000000718300000|  0%| F|  |TS  0|AC  0|TAMS 0x0000000718200000, 0x0000000718200000|
| 123|0x0000000718300000, 0x0000000718300000, 0x0000000718400000|  0%| F|  |TS  0|AC  0|TAMS 0x0000000718300000, 0x0000000718300000|
| 124|0x0000000718400000, 0x0000000718400000, 0x0000000718500000|  0%| F|  |TS  0|AC  0|TAMS 0x0000000718400000, 0x0000000718400000|
| 125|0x0000000718500000, 0x0000000718500000, 0x0000000718600000|  0%| F|  |TS  0|AC  0|TAMS 0x0000000718500000, 0x0000000718500000|
| 126|0x0000000718600000, 0x0000000718600000, 0x0000000718700000|  0%| F|  |TS  0|AC  0|TAMS 0x0000000718600000, 0x0000000718600000|
| 127|0x0000000718700000, 0x0000000718700000, 0x0000000718800000|  0%| F|  |TS  0|AC  0|TAMS 0x0000000718700000, 0x0000000718700000|
| 128|0x0000000718800000, 0x0000000718800000, 0x0000000718900000|  0%| F|  |TS  0|AC  0|TAMS 0x0000000718800000, 0x0000000718800000|
| 129|0x0000000718900000, 0x0000000718900000, 0x0000000718a00000|  0%| F|  |TS  0|AC  0|TAMS 0x0000000718900000, 0x0000000718900000|
| 130|0x0000000718a00000, 0x0000000718a00000, 0x0000000718b00000|  0%| F|  |TS  0|AC  0|TAMS 0x0000000718a00000, 0x0000000718a00000|
| 131|0x0000000718b00000, 0x0000000718b00000, 0x0000000718c00000|  0%| F|  |TS  0|AC  0|TAMS 0x0000000718b00000, 0x0000000718b00000|
| 132|0x0000000718c00000, 0x0000000718c00000, 0x0000000718d00000|  0%| F|  |TS  0|AC  0|TAMS 0x0000000718c00000, 0x0000000718c00000|
| 133|0x0000000718d00000, 0x0000000718d00000, 0x0000000718e00000|  0%| F|  |TS  0|AC  0|TAMS 0x0000000718d00000, 0x0000000718d00000|
| 134|0x0000000718e00000, 0x0000000718e00000, 0x0000000718f00000|  0%| F|  |TS  0|AC  0|TAMS 0x0000000718e00000, 0x0000000718e00000|
| 135|0x0000000718f00000, 0x0000000718f00000, 0x0000000719000000|  0%| F|  |TS  0|AC  0|TAMS 0x0000000718f00000, 0x0000000718f00000|
| 136|0x0000000719000000, 0x0000000719000000, 0x0000000719100000|  0%| F|  |TS  0|AC  0|TAMS 0x0000000719000000, 0x0000000719000000|
| 137|0x0000000719100000, 0x0000000719100000, 0x0000000719200000|  0%| F|  |TS  0|AC  0|TAMS 0x0000000719100000, 0x0000000719100000|
| 138|0x0000000719200000, 0x0000000719200000, 0x0000000719300000|  0%| F|  |TS  0|AC  0|TAMS 0x0000000719200000, 0x0000000719200000|
| 139|0x0000000719300000, 0x0000000719300000, 0x0000000719400000|  0%| F|  |TS  0|AC  0|TAMS 0x0000000719300000, 0x0000000719300000|
| 140|0x0000000719400000, 0x0000000719400000, 0x0000000719500000|  0%| F|  |TS  0|AC  0|TAMS 0x0000000719400000, 0x0000000719400000|
| 141|0x0000000719500000, 0x0000000719500000, 0x0000000719600000|  0%| F|  |TS  0|AC  0|TAMS 0x0000000719500000, 0x0000000719500000|
| 142|0x0000000719600000, 0x0000000719600000, 0x0000000719700000|  0%| F|  |TS  0|AC  0|TAMS 0x0000000719600000, 0x0000000719600000|
| 143|0x0000000719700000, 0x0000000719700000, 0x0000000719800000|  0%| F|  |TS  0|AC  0|TAMS 0x0000000719700000, 0x0000000719700000|
| 144|0x0000000719800000, 0x0000000719800000, 0x0000000719900000|  0%| F|  |TS  0|AC  0|TAMS 0x0000000719800000, 0x0000000719800000|
| 145|0x0000000719900000, 0x0000000719900000, 0x0000000719a00000|  0%| F|  |TS  0|AC  0|TAMS 0x0000000719900000, 0x0000000719900000|
| 146|0x0000000719a00000, 0x0000000719a00000, 0x0000000719b00000|  0%| F|  |TS  0|AC  0|TAMS 0x0000000719a00000, 0x0000000719a00000|
| 147|0x0000000719b00000, 0x0000000719b00000, 0x0000000719c00000|  0%| F|  |TS  0|AC  0|TAMS 0x0000000719b00000, 0x0000000719b00000|
| 148|0x0000000719c00000, 0x0000000719c00000, 0x0000000719d00000|  0%| F|  |TS  0|AC  0|TAMS 0x0000000719c00000, 0x0000000719c00000|
| 149|0x0000000719d00000, 0x0000000719d00000, 0x0000000719e00000|  0%| F|  |TS  0|AC  0|TAMS 0x0000000719d00000, 0x0000000719d00000|
| 150|0x0000000719e00000, 0x0000000719e00000, 0x0000000719f00000|  0%| F|  |TS  0|AC  0|TAMS 0x0000000719e00000, 0x0000000719e00000|
| 151|0x0000000719f00000, 0x0000000719f00000, 0x000000071a000000|  0%| F|  |TS  0|AC  0|TAMS 0x0000000719f00000, 0x0000000719f00000|
| 152|0x000000071a000000, 0x000000071a000000, 0x000000071a100000|  0%| F|  |TS  0|AC  0|TAMS 0x000000071a000000, 0x000000071a000000|
| 153|0x000000071a100000, 0x000000071a100000, 0x000000071a200000|  0%| F|  |TS  0|AC  0|TAMS 0x000000071a100000, 0x000000071a100000|
| 154|0x000000071a200000, 0x000000071a200000, 0x000000071a300000|  0%| F|  |TS  0|AC  0|TAMS 0x000000071a200000, 0x000000071a200000|
| 155|0x000000071a300000, 0x000000071a300000, 0x000000071a400000|  0%| F|  |TS  0|AC  0|TAMS 0x000000071a300000, 0x000000071a300000|
| 156|0x000000071a400000, 0x000000071a400000, 0x000000071a500000|  0%| F|  |TS  0|AC  0|TAMS 0x000000071a400000, 0x000000071a400000|
| 157|0x000000071a500000, 0x000000071a500000, 0x000000071a600000|  0%| F|  |TS  0|AC  0|TAMS 0x000000071a500000, 0x000000071a500000|
| 158|0x000000071a600000, 0x000000071a600000, 0x000000071a700000|  0%| F|  |TS  0|AC  0|TAMS 0x000000071a600000, 0x000000071a600000|
| 159|0x000000071a700000, 0x000000071a700000, 0x000000071a800000|  0%| F|  |TS  0|AC  0|TAMS 0x000000071a700000, 0x000000071a700000|
| 160|0x000000071a800000, 0x000000071a800000, 0x000000071a900000|  0%| F|  |TS  0|AC  0|TAMS 0x000000071a800000, 0x000000071a800000|
| 161|0x000000071a900000, 0x000000071a900000, 0x000000071aa00000|  0%| F|  |TS  0|AC  0|TAMS 0x000000071a900000, 0x000000071a900000|
| 162|0x000000071aa00000, 0x000000071aa00000, 0x000000071ab00000|  0%| F|  |TS  0|AC  0|TAMS 0x000000071aa00000, 0x000000071aa00000|
| 163|0x000000071ab00000, 0x000000071ab00000, 0x000000071ac00000|  0%| F|  |TS  0|AC  0|TAMS 0x000000071ab00000, 0x000000071ab00000|
| 164|0x000000071ac00000, 0x000000071ac00000, 0x000000071ad00000|  0%| F|  |TS  0|AC  0|TAMS 0x000000071ac00000, 0x000000071ac00000|
| 165|0x000000071ad00000, 0x000000071ad00000, 0x000000071ae00000|  0%| F|  |TS  0|AC  0|TAMS 0x000000071ad00000, 0x000000071ad00000|
| 166|0x000000071ae00000, 0x000000071ae00000, 0x000000071af00000|  0%| F|  |TS  0|AC  0|TAMS 0x000000071ae00000, 0x000000071ae00000|
| 167|0x000000071af00000, 0x000000071af00000, 0x000000071b000000|  0%| F|  |TS  0|AC  0|TAMS 0x000000071af00000, 0x000000071af00000|
| 168|0x000000071b000000, 0x000000071b000000, 0x000000071b100000|  0%| F|  |TS  0|AC  0|TAMS 0x000000071b000000, 0x000000071b000000|
| 169|0x000000071b100000, 0x000000071b100000, 0x000000071b200000|  0%| F|  |TS  0|AC  0|TAMS 0x000000071b100000, 0x000000071b100000|
| 170|0x000000071b200000, 0x000000071b200000, 0x000000071b300000|  0%| F|  |TS  0|AC  0|TAMS 0x000000071b200000, 0x000000071b200000|
| 171|0x000000071b300000, 0x000000071b300000, 0x000000071b400000|  0%| F|  |TS  0|AC  0|TAMS 0x000000071b300000, 0x000000071b300000|
| 172|0x000000071b400000, 0x000000071b400000, 0x000000071b500000|  0%| F|  |TS  0|AC  0|TAMS 0x000000071b400000, 0x000000071b400000|
| 173|0x000000071b500000, 0x000000071b500000, 0x000000071b600000|  0%| F|  |TS  0|AC  0|TAMS 0x000000071b500000, 0x000000071b500000|
| 174|0x000000071b600000, 0x000000071b600000, 0x000000071b700000|  0%| F|  |TS  0|AC  0|TAMS 0x000000071b600000, 0x000000071b600000|
| 175|0x000000071b700000, 0x000000071b700000, 0x000000071b800000|  0%| F|  |TS  0|AC  0|TAMS 0x000000071b700000, 0x000000071b700000|
| 176|0x000000071b800000, 0x000000071b800000, 0x000000071b900000|  0%| F|  |TS  0|AC  0|TAMS 0x000000071b800000, 0x000000071b800000|
| 177|0x000000071b900000, 0x000000071b900000, 0x000000071ba00000|  0%| F|  |TS  0|AC  0|TAMS 0x000000071b900000, 0x000000071b900000|
| 178|0x000000071ba00000, 0x000000071ba00000, 0x000000071bb00000|  0%| F|  |TS  0|AC  0|TAMS 0x000000071ba00000, 0x000000071ba00000|
| 179|0x000000071bb00000, 0x000000071bb00000, 0x000000071bc00000|  0%| F|  |TS  0|AC  0|TAMS 0x000000071bb00000, 0x000000071bb00000|
| 180|0x000000071bc00000, 0x000000071bc00000, 0x000000071bd00000|  0%| F|  |TS  0|AC  0|TAMS 0x000000071bc00000, 0x000000071bc00000|
| 181|0x000000071bd00000, 0x000000071bd00000, 0x000000071be00000|  0%| F|  |TS  0|AC  0|TAMS 0x000000071bd00000, 0x000000071bd00000|
| 182|0x000000071be00000, 0x000000071be00000, 0x000000071bf00000|  0%| F|  |TS  0|AC  0|TAMS 0x000000071be00000, 0x000000071be00000|
| 183|0x000000071bf00000, 0x000000071bf00000, 0x000000071c000000|  0%| F|  |TS  0|AC  0|TAMS 0x000000071bf00000, 0x000000071bf00000|
| 184|0x000000071c000000, 0x000000071c100000, 0x000000071c100000|100%| E|  |TS  0|AC  0|TAMS 0x000000071c000000, 0x000000071c000000|
| 185|0x000000071c100000, 0x000000071c200000, 0x000000071c200000|100%| E|CS|TS  0|AC  0|TAMS 0x000000071c100000, 0x000000071c100000|
| 186|0x000000071c200000, 0x000000071c300000, 0x000000071c300000|100%| E|CS|TS  0|AC  0|TAMS 0x000000071c200000, 0x000000071c200000|
| 187|0x000000071c300000, 0x000000071c400000, 0x000000071c400000|100%| E|CS|TS  0|AC  0|TAMS 0x000000071c300000, 0x000000071c300000|
| 188|0x000000071c400000, 0x000000071c500000, 0x000000071c500000|100%| E|CS|TS  0|AC  0|TAMS 0x000000071c400000, 0x000000071c400000|
| 189|0x000000071c500000, 0x000000071c600000, 0x000000071c600000|100%| E|CS|TS  0|AC  0|TAMS 0x000000071c500000, 0x000000071c500000|
| 190|0x000000071c600000, 0x000000071c700000, 0x000000071c700000|100%| E|CS|TS  0|AC  0|TAMS 0x000000071c600000, 0x000000071c600000|
| 191|0x000000071c700000, 0x000000071c800000, 0x000000071c800000|100%| E|CS|TS  0|AC  0|TAMS 0x000000071c700000, 0x000000071c700000|
| 192|0x000000071c800000, 0x000000071c900000, 0x000000071c900000|100%| E|CS|TS  0|AC  0|TAMS 0x000000071c800000, 0x000000071c800000|
| 193|0x000000071c900000, 0x000000071ca00000, 0x000000071ca00000|100%| E|CS|TS  0|AC  0|TAMS 0x000000071c900000, 0x000000071c900000|
| 194|0x000000071ca00000, 0x000000071cb00000, 0x000000071cb00000|100%| E|CS|TS  0|AC  0|TAMS 0x000000071ca00000, 0x000000071ca00000|
| 195|0x000000071cb00000, 0x000000071cc00000, 0x000000071cc00000|100%| E|CS|TS  0|AC  0|TAMS 0x000000071cb00000, 0x000000071cb00000|
| 196|0x000000071cc00000, 0x000000071cd00000, 0x000000071cd00000|100%| E|CS|TS  0|AC  0|TAMS 0x000000071cc00000, 0x000000071cc00000|
| 197|0x000000071cd00000, 0x000000071ce00000, 0x000000071ce00000|100%| E|CS|TS  0|AC  0|TAMS 0x000000071cd00000, 0x000000071cd00000|
| 198|0x000000071ce00000, 0x000000071cf00000, 0x000000071cf00000|100%| E|CS|TS  0|AC  0|TAMS 0x000000071ce00000, 0x000000071ce00000|
| 199|0x000000071cf00000, 0x000000071d000000, 0x000000071d000000|100%| E|CS|TS  0|AC  0|TAMS 0x000000071cf00000, 0x000000071cf00000|
| 200|0x000000071d000000, 0x000000071d100000, 0x000000071d100000|100%| E|CS|TS  0|AC  0|TAMS 0x000000071d000000, 0x000000071d000000|
| 201|0x000000071d100000, 0x000000071d200000, 0x000000071d200000|100%| E|CS|TS  0|AC  0|TAMS 0x000000071d100000, 0x000000071d100000|
| 202|0x000000071d200000, 0x000000071d300000, 0x000000071d300000|100%| E|CS|TS  0|AC  0|TAMS 0x000000071d200000, 0x000000071d200000|
| 203|0x000000071d300000, 0x000000071d400000, 0x000000071d400000|100%| E|CS|TS  0|AC  0|TAMS 0x000000071d300000, 0x000000071d300000|
| 204|0x000000071d400000, 0x000000071d500000, 0x000000071d500000|100%| E|CS|TS  0|AC  0|TAMS 0x000000071d400000, 0x000000071d400000|
| 205|0x000000071d500000, 0x000000071d600000, 0x000000071d600000|100%| E|CS|TS  0|AC  0|TAMS 0x000000071d500000, 0x000000071d500000|
| 206|0x000000071d600000, 0x000000071d700000, 0x000000071d700000|100%| E|CS|TS  0|AC  0|TAMS 0x000000071d600000, 0x000000071d600000|
| 207|0x000000071d700000, 0x000000071d800000, 0x000000071d800000|100%| E|CS|TS  0|AC  0|TAMS 0x000000071d700000, 0x000000071d700000|
| 208|0x000000071d800000, 0x000000071d900000, 0x000000071d900000|100%| E|CS|TS  0|AC  0|TAMS 0x000000071d800000, 0x000000071d800000|
| 209|0x000000071d900000, 0x000000071da00000, 0x000000071da00000|100%| E|CS|TS  0|AC  0|TAMS 0x000000071d900000, 0x000000071d900000|
| 210|0x000000071da00000, 0x000000071db00000, 0x000000071db00000|100%| E|CS|TS  0|AC  0|TAMS 0x000000071da00000, 0x000000071da00000|
| 211|0x000000071db00000, 0x000000071dc00000, 0x000000071dc00000|100%| E|CS|TS  0|AC  0|TAMS 0x000000071db00000, 0x000000071db00000|
| 212|0x000000071dc00000, 0x000000071dd00000, 0x000000071dd00000|100%| E|CS|TS  0|AC  0|TAMS 0x000000071dc00000, 0x000000071dc00000|
| 213|0x000000071dd00000, 0x000000071de00000, 0x000000071de00000|100%| E|CS|TS  0|AC  0|TAMS 0x000000071dd00000, 0x000000071dd00000|
| 214|0x000000071de00000, 0x000000071df00000, 0x000000071df00000|100%| E|CS|TS  0|AC  0|TAMS 0x000000071de00000, 0x000000071de00000|
| 215|0x000000071df00000, 0x000000071e000000, 0x000000071e000000|100%| E|CS|TS  0|AC  0|TAMS 0x000000071df00000, 0x000000071df00000|
| 216|0x000000071e000000, 0x000000071e100000, 0x000000071e100000|100%| E|CS|TS  0|AC  0|TAMS 0x000000071e000000, 0x000000071e000000|
| 217|0x000000071e100000, 0x000000071e200000, 0x000000071e200000|100%| E|CS|TS  0|AC  0|TAMS 0x000000071e100000, 0x000000071e100000|
| 218|0x000000071e200000, 0x000000071e300000, 0x000000071e300000|100%| E|CS|TS  0|AC  0|TAMS 0x000000071e200000, 0x000000071e200000|
| 219|0x000000071e300000, 0x000000071e400000, 0x000000071e400000|100%| E|CS|TS  0|AC  0|TAMS 0x000000071e300000, 0x000000071e300000|
| 220|0x000000071e400000, 0x000000071e500000, 0x000000071e500000|100%| E|CS|TS  0|AC  0|TAMS 0x000000071e400000, 0x000000071e400000|
| 221|0x000000071e500000, 0x000000071e600000, 0x000000071e600000|100%| E|CS|TS  0|AC  0|TAMS 0x000000071e500000, 0x000000071e500000|
| 222|0x000000071e600000, 0x000000071e700000, 0x000000071e700000|100%| E|CS|TS  0|AC  0|TAMS 0x000000071e600000, 0x000000071e600000|
| 223|0x000000071e700000, 0x000000071e800000, 0x000000071e800000|100%| E|CS|TS  0|AC  0|TAMS 0x000000071e700000, 0x000000071e700000|
| 224|0x000000071e800000, 0x000000071e900000, 0x000000071e900000|100%| E|CS|TS  0|AC  0|TAMS 0x000000071e800000, 0x000000071e800000|
| 225|0x000000071e900000, 0x000000071ea00000, 0x000000071ea00000|100%| E|CS|TS  0|AC  0|TAMS 0x000000071e900000, 0x000000071e900000|
| 226|0x000000071ea00000, 0x000000071eb00000, 0x000000071eb00000|100%| E|CS|TS  0|AC  0|TAMS 0x000000071ea00000, 0x000000071ea00000|
| 227|0x000000071eb00000, 0x000000071ec00000, 0x000000071ec00000|100%| E|CS|TS  0|AC  0|TAMS 0x000000071eb00000, 0x000000071eb00000|
| 228|0x000000071ec00000, 0x000000071ec80000, 0x000000071ed00000| 50%| S|CS|TS  0|AC  0|TAMS 0x000000071ec00000, 0x000000071ec00000|
| 229|0x000000071ed00000, 0x000000071ee00000, 0x000000071ee00000|100%| S|CS|TS  0|AC  0|TAMS 0x000000071ed00000, 0x000000071ed00000|
| 230|0x000000071ee00000, 0x000000071ef00000, 0x000000071ef00000|100%| S|CS|TS  0|AC  0|TAMS 0x000000071ee00000, 0x000000071ee00000|
| 231|0x000000071ef00000, 0x000000071f000000, 0x000000071f000000|100%| S|CS|TS  0|AC  0|TAMS 0x000000071ef00000, 0x000000071ef00000|
| 232|0x000000071f000000, 0x000000071f100000, 0x000000071f100000|100%| S|CS|TS  0|AC  0|TAMS 0x000000071f000000, 0x000000071f000000|
| 233|0x000000071f100000, 0x000000071f200000, 0x000000071f200000|100%| S|CS|TS  0|AC  0|TAMS 0x000000071f100000, 0x000000071f100000|
| 234|0x000000071f200000, 0x000000071f300000, 0x000000071f300000|100%| S|CS|TS  0|AC  0|TAMS 0x000000071f200000, 0x000000071f200000|
| 235|0x000000071f300000, 0x000000071f400000, 0x000000071f400000|100%| S|CS|TS  0|AC  0|TAMS 0x000000071f300000, 0x000000071f300000|
| 236|0x000000071f400000, 0x000000071f500000, 0x000000071f500000|100%| E|CS|TS  0|AC  0|TAMS 0x000000071f400000, 0x000000071f400000|
| 237|0x000000071f500000, 0x000000071f600000, 0x000000071f600000|100%| E|CS|TS  0|AC  0|TAMS 0x000000071f500000, 0x000000071f500000|
| 238|0x000000071f600000, 0x000000071f700000, 0x000000071f700000|100%| E|CS|TS  0|AC  0|TAMS 0x000000071f600000, 0x000000071f600000|
| 239|0x000000071f700000, 0x000000071f800000, 0x000000071f800000|100%| E|CS|TS  0|AC  0|TAMS 0x000000071f700000, 0x000000071f700000|
| 240|0x000000071f800000, 0x000000071f900000, 0x000000071f900000|100%| E|CS|TS  0|AC  0|TAMS 0x000000071f800000, 0x000000071f800000|
| 241|0x000000071f900000, 0x000000071fa00000, 0x000000071fa00000|100%| E|CS|TS  0|AC  0|TAMS 0x000000071f900000, 0x000000071f900000|
| 242|0x000000071fa00000, 0x000000071fb00000, 0x000000071fb00000|100%| E|CS|TS  0|AC  0|TAMS 0x000000071fa00000, 0x000000071fa00000|
| 243|0x000000071fb00000, 0x000000071fc00000, 0x000000071fc00000|100%| E|CS|TS  0|AC  0|TAMS 0x000000071fb00000, 0x000000071fb00000|
| 244|0x000000071fc00000, 0x000000071fd00000, 0x000000071fd00000|100%| E|CS|TS  0|AC  0|TAMS 0x000000071fc00000, 0x000000071fc00000|
| 245|0x000000071fd00000, 0x000000071fe00000, 0x000000071fe00000|100%| E|CS|TS  0|AC  0|TAMS 0x000000071fd00000, 0x000000071fd00000|
| 246|0x000000071fe00000, 0x000000071ff00000, 0x000000071ff00000|100%| E|CS|TS  0|AC  0|TAMS 0x000000071fe00000, 0x000000071fe00000|
| 247|0x000000071ff00000, 0x0000000720000000, 0x0000000720000000|100%| E|CS|TS  0|AC  0|TAMS 0x000000071ff00000, 0x000000071ff00000|
| 248|0x0000000720000000, 0x0000000720100000, 0x0000000720100000|100%| E|CS|TS  0|AC  0|TAMS 0x0000000720000000, 0x0000000720000000|
| 249|0x0000000720100000, 0x0000000720200000, 0x0000000720200000|100%| E|CS|TS  0|AC  0|TAMS 0x0000000720100000, 0x0000000720100000|
| 250|0x0000000720200000, 0x0000000720300000, 0x0000000720300000|100%| E|CS|TS  0|AC  0|TAMS 0x0000000720200000, 0x0000000720200000|
| 251|0x0000000720300000, 0x0000000720400000, 0x0000000720400000|100%| E|CS|TS  0|AC  0|TAMS 0x0000000720300000, 0x0000000720300000|
| 252|0x0000000720400000, 0x0000000720500000, 0x0000000720500000|100%| E|CS|TS  0|AC  0|TAMS 0x0000000720400000, 0x0000000720400000|
| 253|0x0000000720500000, 0x0000000720600000, 0x0000000720600000|100%| E|CS|TS  0|AC  0|TAMS 0x0000000720500000, 0x0000000720500000|
| 254|0x0000000720600000, 0x0000000720700000, 0x0000000720700000|100%| E|CS|TS  0|AC  0|TAMS 0x0000000720600000, 0x0000000720600000|

Card table byte_map: [0x00000210c73f0000,0x00000210c7970000] byte_map_base: 0x00000210c3b6c000

Marking Bits (Prev, Next): (CMBitMap*) 0x00000210acbaf428, (CMBitMap*) 0x00000210acbaf3f0
 Prev Bits: [0x00000210caad0000, 0x00000210cd6b0000)
 Next Bits: [0x00000210c7ef0000, 0x00000210caad0000)

Polling page: 0x00000210aa8f0000

CodeHeap 'non-profiled nmethods': size=238912Kb used=12458Kb max_used=12458Kb free=226453Kb
 bounds [0x00000210b8520000, 0x00000210b9150000, 0x00000210c6e70000]
CodeHeap 'non-nmethods': size=6848Kb used=2431Kb max_used=2431Kb free=4416Kb
 bounds [0x00000210b7e70000, 0x00000210b80e0000, 0x00000210b8520000]
 total_blobs=7650 nmethods=7006 adapters=523
 compilation: enabled

Compilation events (10 events):
Event: 187.825 Thread 0x00000210cfbd8000 7042       1       org.apache.catalina.util.LifecycleBase::fireLifecycleEvent (56 bytes)
Event: 187.825 Thread 0x00000210d0472800 7043       1       org.apache.catalina.LifecycleEvent::<init> (16 bytes)
Event: 187.825 Thread 0x00000210d0472800 nmethod 7043 0x00000210b9148290 code [0x00000210b9148460, 0x00000210b9148790]
Event: 187.825 Thread 0x00000210cfbd8000 nmethod 7042 0x00000210b9148890 code [0x00000210b9148a80, 0x00000210b9148e80]
Event: 196.127 Thread 0x00000210d0477800 7044       1       org.bson.io.OutputBuffer::writeInt32 (32 bytes)
Event: 196.127 Thread 0x00000210d0477800 nmethod 7044 0x00000210b9149010 code [0x00000210b9149200, 0x00000210b9149400]
Event: 196.128 Thread 0x00000210d0472800 7045       1       org.bson.ByteBufNIO::<init> (28 bytes)
Event: 196.129 Thread 0x00000210d0472800 nmethod 7045 0x00000210b9149510 code [0x00000210b91496e0, 0x00000210b9149970]
Event: 197.272 Thread 0x00000210cfbd8000 7046       1       java.util.concurrent.locks.AbstractQueuedSynchronizer$ConditionObject::await (98 bytes)
Event: 197.274 Thread 0x00000210cfbd8000 nmethod 7046 0x00000210b9149a90 code [0x00000210b9149d20, 0x00000210b914a540]

GC Heap History (10 events):
Event: 10.546 GC heap before
{Heap before GC invocations=7 (full 0):
 garbage-first heap   total 217088K, used 75969K [0x0000000710800000, 0x00000007c0000000)
  region size 1024K, 67 young (68608K), 5 survivors (5120K)
 Metaspace       used 28871K, capacity 29699K, committed 29952K, reserved 1075200K
  class space    used 3439K, capacity 3781K, committed 3840K, reserved 1048576K
}
Event: 10.573 GC heap after
{Heap after GC invocations=8 (full 0):
 garbage-first heap   total 217088K, used 15066K [0x0000000710800000, 0x00000007c0000000)
  region size 1024K, 7 young (7168K), 7 survivors (7168K)
 Metaspace       used 28871K, capacity 29699K, committed 29952K, reserved 1075200K
  class space    used 3439K, capacity 3781K, committed 3840K, reserved 1048576K
}
Event: 13.667 GC heap before
{Heap before GC invocations=8 (full 0):
 garbage-first heap   total 217088K, used 87770K [0x0000000710800000, 0x00000007c0000000)
  region size 1024K, 79 young (80896K), 7 survivors (7168K)
 Metaspace       used 34759K, capacity 35813K, committed 35840K, reserved 1081344K
  class space    used 4198K, capacity 4608K, committed 4608K, reserved 1048576K
}
Event: 13.699 GC heap after
{Heap after GC invocations=9 (full 0):
 garbage-first heap   total 217088K, used 18216K [0x0000000710800000, 0x00000007c0000000)
  region size 1024K, 10 young (10240K), 10 survivors (10240K)
 Metaspace       used 34759K, capacity 35813K, committed 35840K, reserved 1081344K
  class space    used 4198K, capacity 4608K, committed 4608K, reserved 1048576K
}
Event: 18.755 GC heap before
{Heap before GC invocations=10 (full 0):
 garbage-first heap   total 217088K, used 134952K [0x0000000710800000, 0x00000007c0000000)
  region size 1024K, 122 young (124928K), 10 survivors (10240K)
 Metaspace       used 46083K, capacity 47522K, committed 47692K, reserved 1091584K
  class space    used 5670K, capacity 6237K, committed 6272K, reserved 1048576K
}
Event: 18.814 GC heap after
{Heap after GC invocations=11 (full 0):
 garbage-first heap   total 217088K, used 24719K [0x0000000710800000, 0x00000007c0000000)
  region size 1024K, 14 young (14336K), 14 survivors (14336K)
 Metaspace       used 46083K, capacity 47522K, committed 47692K, reserved 1091584K
  class space    used 5670K, capacity 6237K, committed 6272K, reserved 1048576K
}
Event: 29.873 GC heap before
{Heap before GC invocations=11 (full 0):
 garbage-first heap   total 217088K, used 140431K [0x0000000710800000, 0x00000007c0000000)
  region size 1024K, 127 young (130048K), 14 survivors (14336K)
 Metaspace       used 55725K, capacity 57373K, committed 57804K, reserved 1099776K
  class space    used 6986K, capacity 7625K, committed 7680K, reserved 1048576K
}
Event: 29.952 GC heap after
{Heap after GC invocations=12 (full 0):
 garbage-first heap   total 261120K, used 30883K [0x0000000710800000, 0x00000007c0000000)
  region size 1024K, 14 young (14336K), 14 survivors (14336K)
 Metaspace       used 55725K, capacity 57373K, committed 57804K, reserved 1099776K
  class space    used 6986K, capacity 7625K, committed 7680K, reserved 1048576K
}
Event: 32.370 GC heap before
{Heap before GC invocations=12 (full 0):
 garbage-first heap   total 261120K, used 49315K [0x0000000710800000, 0x00000007c0000000)
  region size 1024K, 33 young (33792K), 14 survivors (14336K)
 Metaspace       used 58268K, capacity 59979K, committed 60236K, reserved 1101824K
  class space    used 7330K, capacity 7996K, committed 8064K, reserved 1048576K
}
Event: 32.416 GC heap after
{Heap after GC invocations=13 (full 0):
 garbage-first heap   total 261120K, used 31762K [0x0000000710800000, 0x00000007c0000000)
  region size 1024K, 8 young (8192K), 8 survivors (8192K)
 Metaspace       used 58268K, capacity 59979K, committed 60236K, reserved 1101824K
  class space    used 7330K, capacity 7996K, committed 8064K, reserved 1048576K
}

Deoptimization events (0 events):
No events

Classes redefined (0 events):
No events

Internal exceptions (10 events):
Event: 61.593 Thread 0x00000210d3834800 Exception <a 'java/lang/NoSuchMethodError'{0x000000071e15c780}: java.lang.invoke.DirectMethodHandle$Holder.invokeInterface(Ljava/lang/Object;Ljava/lang/Object;I)Ljava/lang/Object;> (0x000000071e15c780) thrown at [t:/workspace/open/src/hotspot/share/interp
Event: 61.726 Thread 0x00000210d3834800 Exception <a 'java/lang/NoSuchMethodError'{0x000000071de1b950}: java.lang.invoke.Invokers$Holder.invoke_MT(Ljava/lang/Object;Ljava/lang/Object;Ljava/lang/Object;Ljava/lang/Object;)V> (0x000000071de1b950) thrown at [t:/workspace/open/src/hotspot/share/inte
Event: 90.330 Thread 0x00000210d383c000 Exception <a 'java/net/SocketTimeoutException'{0x000000071e51c0d0}: Read timed out> (0x000000071e51c0d0) thrown at [t:/workspace/open/src/hotspot/share/prims/jni.cpp, line 632]
Event: 90.369 Thread 0x00000210d383a800 Exception <a 'java/net/SocketTimeoutException'{0x000000071e57dc28}: Read timed out> (0x000000071e57dc28) thrown at [t:/workspace/open/src/hotspot/share/prims/jni.cpp, line 632]
Event: 120.340 Thread 0x00000210d383c000 Exception <a 'java/net/SocketTimeoutException'{0x000000071e525ce0}: Read timed out> (0x000000071e525ce0) thrown at [t:/workspace/open/src/hotspot/share/prims/jni.cpp, line 632]
Event: 120.381 Thread 0x00000210d383a800 Exception <a 'java/net/SocketTimeoutException'{0x000000071e58dd00}: Read timed out> (0x000000071e58dd00) thrown at [t:/workspace/open/src/hotspot/share/prims/jni.cpp, line 632]
Event: 150.351 Thread 0x00000210d383c000 Exception <a 'java/net/SocketTimeoutException'{0x000000071e52f8f0}: Read timed out> (0x000000071e52f8f0) thrown at [t:/workspace/open/src/hotspot/share/prims/jni.cpp, line 632]
Event: 150.393 Thread 0x00000210d383a800 Exception <a 'java/net/SocketTimeoutException'{0x000000071e59ddb8}: Read timed out> (0x000000071e59ddb8) thrown at [t:/workspace/open/src/hotspot/share/prims/jni.cpp, line 632]
Event: 180.365 Thread 0x00000210d383c000 Exception <a 'java/net/SocketTimeoutException'{0x000000071e53b4a8}: Read timed out> (0x000000071e53b4a8) thrown at [t:/workspace/open/src/hotspot/share/prims/jni.cpp, line 632]
Event: 180.403 Thread 0x00000210d383a800 Exception <a 'java/net/SocketTimeoutException'{0x000000071c05a340}: Read timed out> (0x000000071c05a340) thrown at [t:/workspace/open/src/hotspot/share/prims/jni.cpp, line 632]

Events (10 events):
Event: 93.844 Thread 0x00000210d3a3a000 DEOPT UNPACKING pc=0x00000210b7eac7ce sp=0x000000bfdf2f8020 mode 1
Event: 93.844 loading class com/expleo/users/data/UserResponse
Event: 93.844 loading class com/expleo/users/data/UserResponse done
Event: 93.849 loading class org/springframework/security/core/AuthenticatedPrincipal
Event: 93.850 loading class org/springframework/security/core/AuthenticatedPrincipal done
Event: 94.864 Executing VM operation: RevokeBias
Event: 94.864 Executing VM operation: RevokeBias done
Event: 94.864 Executing VM operation: RevokeBias
Event: 94.864 Executing VM operation: RevokeBias done
Event: 202.658 Executing VM operation: RedefineClasses


Dynamic libraries:
0x00007ff686ef0000 - 0x00007ff686f2e000 	C:\Program Files\Java\jdk-10.0.1\bin\javaw.exe
0x00007ffdf05c0000 - 0x00007ffdf07a1000 	C:\WINDOWS\SYSTEM32\ntdll.dll
0x00007ffdcfe80000 - 0x00007ffdcfe94000 	C:\Program Files\AVAST Software\Avast\aswhook.dll
0x00007ffdedc90000 - 0x00007ffdedd41000 	C:\WINDOWS\System32\KERNEL32.DLL
0x00007ffdecce0000 - 0x00007ffdecf53000 	C:\WINDOWS\System32\KERNELBASE.dll
0x00007ffdedb40000 - 0x00007ffdedbe1000 	C:\WINDOWS\System32\ADVAPI32.dll
0x00007ffdedbf0000 - 0x00007ffdedc8e000 	C:\WINDOWS\System32\msvcrt.dll
0x00007ffdef810000 - 0x00007ffdef86b000 	C:\WINDOWS\System32\sechost.dll
0x00007ffdedd50000 - 0x00007ffdede74000 	C:\WINDOWS\System32\RPCRT4.dll
0x00007ffdf0030000 - 0x00007ffdf01c1000 	C:\WINDOWS\System32\USER32.dll
0x00007ffdecf60000 - 0x00007ffdecf80000 	C:\WINDOWS\System32\win32u.dll
0x00007ffdeda30000 - 0x00007ffdeda58000 	C:\WINDOWS\System32\GDI32.dll
0x00007ffded080000 - 0x00007ffded211000 	C:\WINDOWS\System32\gdi32full.dll
0x00007ffdecf80000 - 0x00007ffded01f000 	C:\WINDOWS\System32\msvcp_win.dll
0x00007ffded220000 - 0x00007ffded318000 	C:\WINDOWS\System32\ucrtbase.dll
0x00007ffdd4ba0000 - 0x00007ffdd4e09000 	C:\WINDOWS\WinSxS\amd64_microsoft.windows.common-controls_6595b64144ccf1df_6.0.17134.1184_none_d403e8b37c8ca406\COMCTL32.dll
0x00007ffdefc50000 - 0x00007ffdeff71000 	C:\WINDOWS\System32\combase.dll
0x00007ffdecc10000 - 0x00007ffdecc89000 	C:\WINDOWS\System32\bcryptPrimitives.dll
0x00007ffde7430000 - 0x00007ffde743a000 	C:\WINDOWS\SYSTEM32\VERSION.dll
0x00007ffdefa80000 - 0x00007ffdefaad000 	C:\WINDOWS\System32\IMM32.DLL
0x00007ffdc70e0000 - 0x00007ffdc71cf000 	C:\Program Files\Java\jdk-10.0.1\bin\msvcr120.dll
0x00007ffdcb5d0000 - 0x00007ffdcb676000 	C:\Program Files\Java\jdk-10.0.1\bin\msvcp120.dll
0x0000000070030000 - 0x0000000070aa0000 	C:\Program Files\Java\jdk-10.0.1\bin\server\jvm.dll
0x00007ffdef780000 - 0x00007ffdef788000 	C:\WINDOWS\System32\PSAPI.DLL
0x00007ffde0d80000 - 0x00007ffde0d89000 	C:\WINDOWS\SYSTEM32\WSOCK32.dll
0x00007ffdef7a0000 - 0x00007ffdef80c000 	C:\WINDOWS\System32\WS2_32.dll
0x00007ffdeab20000 - 0x00007ffdeab43000 	C:\WINDOWS\SYSTEM32\WINMM.dll
0x00007ffdeaaf0000 - 0x00007ffdeab1a000 	C:\WINDOWS\SYSTEM32\WINMMBASE.dll
0x00007ffdecc90000 - 0x00007ffdeccd9000 	C:\WINDOWS\System32\cfgmgr32.dll
0x00007ffde57f0000 - 0x00007ffde57ff000 	C:\Program Files\Java\jdk-10.0.1\bin\verify.dll
0x00007ffde49e0000 - 0x00007ffde4ba9000 	C:\WINDOWS\SYSTEM32\DBGHELP.DLL
0x00007ffde5070000 - 0x00007ffde5099000 	C:\WINDOWS\SYSTEM32\dbgcore.DLL
0x00007ffdd6d70000 - 0x00007ffdd6d97000 	C:\Program Files\Java\jdk-10.0.1\bin\java.dll
0x00007ffdced80000 - 0x00007ffdcedb6000 	C:\Program Files\Java\jdk-10.0.1\bin\jdwp.dll
0x00007ffdd63c0000 - 0x00007ffdd63d6000 	C:\Program Files\Java\jdk-10.0.1\bin\zip.dll
0x00007ffde4970000 - 0x00007ffde497a000 	C:\Program Files\Java\jdk-10.0.1\bin\jimage.dll
0x00007ffdedee0000 - 0x00007ffdef325000 	C:\WINDOWS\System32\SHELL32.dll
0x00007ffdef870000 - 0x00007ffdef919000 	C:\WINDOWS\System32\shcore.dll
0x00007ffded320000 - 0x00007ffdeda30000 	C:\WINDOWS\System32\windows.storage.dll
0x00007ffdf03b0000 - 0x00007ffdf0401000 	C:\WINDOWS\System32\shlwapi.dll
0x00007ffdec950000 - 0x00007ffdec961000 	C:\WINDOWS\System32\kernel.appcore.dll
0x00007ffdec8e0000 - 0x00007ffdec8ff000 	C:\WINDOWS\System32\profapi.dll
0x00007ffdec900000 - 0x00007ffdec94c000 	C:\WINDOWS\System32\powrprof.dll
0x00007ffdec8d0000 - 0x00007ffdec8da000 	C:\WINDOWS\System32\FLTLIB.DLL
0x00007ffdde940000 - 0x00007ffdde94a000 	C:\Program Files\Java\jdk-10.0.1\bin\dt_socket.dll
0x00007ffdec0d0000 - 0x00007ffdec136000 	C:\WINDOWS\System32\mswsock.dll
0x00007ffdebe70000 - 0x00007ffdebf2e000 	C:\WINDOWS\SYSTEM32\DNSAPI.dll
0x00007ffdef790000 - 0x00007ffdef798000 	C:\WINDOWS\System32\NSI.dll
0x00007ffdebe20000 - 0x00007ffdebe58000 	C:\WINDOWS\SYSTEM32\IPHLPAPI.DLL
0x00007ffde0e10000 - 0x00007ffde0e82000 	C:\WINDOWS\System32\fwpuclnt.dll
0x00007ffdec3b0000 - 0x00007ffdec3d5000 	C:\WINDOWS\SYSTEM32\bcrypt.dll
0x00007ffde48b0000 - 0x00007ffde48ba000 	C:\Windows\System32\rasadhlp.dll
0x00007ffdd6360000 - 0x00007ffdd637a000 	C:\Program Files\Java\jdk-10.0.1\bin\net.dll
0x00007ffde5940000 - 0x00007ffde5a1d000 	C:\WINDOWS\SYSTEM32\WINHTTP.dll
0x00007ffdd6340000 - 0x00007ffdd6351000 	C:\Program Files\Java\jdk-10.0.1\bin\nio.dll
0x00007ffde48c0000 - 0x00007ffde48c9000 	C:\Program Files\Java\jdk-10.0.1\bin\management.dll
0x00007ffdd9a80000 - 0x00007ffdd9a8a000 	C:\Program Files\Java\jdk-10.0.1\bin\management_ext.dll
0x00007ffdd6f40000 - 0x00007ffdd6f56000 	C:\WINDOWS\system32\napinsp.dll
0x00007ffdd6eb0000 - 0x00007ffdd6eca000 	C:\WINDOWS\system32\pnrpnsp.dll
0x00007ffdea790000 - 0x00007ffdea7a9000 	C:\WINDOWS\system32\NLAapi.dll
0x00007ffdd6ea0000 - 0x00007ffdd6eae000 	C:\WINDOWS\System32\winrnr.dll
0x00007ffdec280000 - 0x00007ffdec297000 	C:\WINDOWS\SYSTEM32\CRYPTSP.dll
0x00007ffdebc80000 - 0x00007ffdebcb3000 	C:\WINDOWS\system32\rsaenh.dll
0x00007ffdec7e0000 - 0x00007ffdec808000 	C:\WINDOWS\SYSTEM32\USERENV.dll
0x00007ffdec2a0000 - 0x00007ffdec2ab000 	C:\WINDOWS\SYSTEM32\CRYPTBASE.dll
0x00007ffde53b0000 - 0x00007ffde53c6000 	C:\WINDOWS\SYSTEM32\dhcpcsvc6.DLL
0x00007ffde5440000 - 0x00007ffde545a000 	C:\WINDOWS\SYSTEM32\dhcpcsvc.DLL
0x00007ffdd9b20000 - 0x00007ffdd9b2b000 	C:\Program Files\Java\jdk-10.0.1\bin\sunmscapi.dll
0x00007ffdeca20000 - 0x00007ffdecc02000 	C:\WINDOWS\System32\CRYPT32.dll
0x00007ffdec8b0000 - 0x00007ffdec8c2000 	C:\WINDOWS\System32\MSASN1.dll
0x00007ffdd43e0000 - 0x00007ffdd4403000 	C:\Program Files\Java\jdk-10.0.1\bin\sunec.dll

dbghelp: loaded successfully - version: 4.0.5 - missing functions: none
symbol engine: initialized successfully - sym options: 0x614 - pdb path: .;C:\Program Files\Java\jdk-10.0.1\bin;C:\WINDOWS\SYSTEM32;C:\Program Files\AVAST Software\Avast;C:\WINDOWS\WinSxS\amd64_microsoft.windows.common-controls_6595b64144ccf1df_6.0.17134.1184_none_d403e8b37c8ca406;C:\Program Files\Java\jdk-10.0.1\bin\server

VM Arguments:
jvm_args: -agentlib:jdwp=transport=dt_socket,suspend=y,address=localhost:64900 -Dcom.sun.management.jmxremote -Dcom.sun.management.jmxremote.port=64897 -Dcom.sun.management.jmxremote.authenticate=false -Dcom.sun.management.jmxremote.ssl=false -Djava.rmi.server.hostname=localhost -Dspring.jmx.enabled=true -Dspring.application.admin.enabled=true -Xverify:none -XX:TieredStopAtLevel=1 -Dspring.boot.project.name=Users -Dfile.encoding=UTF-8 
java_command: com.expleo.users.AutoqbaApplication
java_class_path (initial): E:\SwaggerExpleo\SwaggerExpleo\Users\target\classes;C:\Users\AnandRaj\.m2\repository\jakarta\xml\bind\jakarta.xml.bind-api\2.3.2\jakarta.xml.bind-api-2.3.2.jar;C:\Users\AnandRaj\.m2\repository\jakarta\activation\jakarta.activation-api\1.2.1\jakarta.activation-api-1.2.1.jar;C:\Users\AnandRaj\.m2\repository\com\google\guava\guava\28.1-jre\guava-28.1-jre.jar;C:\Users\AnandRaj\.m2\repository\com\google\guava\failureaccess\1.0.1\failureaccess-1.0.1.jar;C:\Users\AnandRaj\.m2\repository\com\google\guava\listenablefuture\9999.0-empty-to-avoid-conflict-with-guava\listenablefuture-9999.0-empty-to-avoid-conflict-with-guava.jar;C:\Users\AnandRaj\.m2\repository\com\google\code\findbugs\jsr305\3.0.2\jsr305-3.0.2.jar;C:\Users\AnandRaj\.m2\repository\org\checkerframework\checker-qual\2.8.1\checker-qual-2.8.1.jar;C:\Users\AnandRaj\.m2\repository\com\google\errorprone\error_prone_annotations\2.3.2\error_prone_annotations-2.3.2.jar;C:\Users\AnandRaj\.m2\repository\com\google\j2objc\j2objc-annotations\1.3\j2objc-annotations-1.3.jar;C:\Users\AnandRaj\.m2\repository\org\codehaus\mojo\animal-sniffer-annotations\1.18\animal-sniffer-annotations-1.18.jar;C:\Users\AnandRaj\.m2\repository\org\glassfish\jaxb\jaxb-runtime\2.3.2\jaxb-runtime-2.3.2.jar;C:\Users\AnandRaj\.m2\repository\org\glassfish\jaxb\txw2\2.3.2\txw2-2.3.2.jar;C:\Users\AnandRaj\.m2\repository\com\sun\istack\istack-commons-runtime\3.0.8\istack-commons-runtime-3.0.8.jar;C:\Users\AnandRaj\.m2\repository\org\jvnet\staxex\stax-ex\1.8.1\stax-ex-1.8.1.jar;C:\Users\AnandRaj\.m2\repository\com\sun\xml\fastinfoset\FastInfoset\1.2.16\FastInfoset-1.2.16.jar;C:\Users\AnandRaj\.m2\repository\org\springframework\boot\spring-boot-starter-web\2.2.2.RELEASE\spring-boot-starter-web-2.2.2.RELEASE.jar;C:\Users\AnandRaj\.m2\repository\org\springframework\boot\spring-boot-starter\2.2.2.RELEASE\spring-boot-starter-2.2.2.RELEASE.jar;C:\Users\AnandRaj\.m2\repository\org\springframework\boot\spring-boot\2.2.2.RELEASE\spring-bo
Launcher Type: SUN_STANDARD

Logging:
Log output configuration:
#0: stdout all=warning uptime,level,tags
#1: stderr all=off uptime,level,tags

Environment Variables:
JAVA_HOME=C:\Program Files\Java\jdk-10.0.1
JRE_HOME=C:\Program Files\Java\jre-10.0.1\bin
PATH=C:\Program Files (x86)\Common Files\Oracle\Java\javapath;C:\Program Files\Java\jdk-10.0.1\bin;C:\Program Files (x86)\AMD APP\bin\x86_64;C:\Program Files (x86)\AMD APP\bin\x86;C:\WINDOWS\system32;C:\WINDOWS;C:\WINDOWS\System32\Wbem;C:\WINDOWS\System32\WindowsPowerShell\v1.0\;c:\Program Files (x86)\ATI Technologies\ATI.ACE\Core-Static;C:\Program Files\Java\jdk-10.0.1\bin;C:\Program Files\Java\jre-10.0.1\bin;C:\WINDOWS\System32\OpenSSH\;C:\Program Files\nodejs\;C:\Users\AnandRaj\AppData\Local\Programs\Python\Python37\Scripts\;C:\Users\AnandRaj\AppData\Local\Programs\Python\Python37\;C:\Program Files\Java\jdk-10.0.1\bin;C:\Users\AnandRaj\AppData\Local\Microsoft\WindowsApps;C:\Users\AnandRaj\AppData\Roaming\npm;C:\Users\AnandRaj\AppData\Local\Programs\Microsoft VS Code\bin
USERNAME=AnandRaj
OS=Windows_NT
PROCESSOR_IDENTIFIER=AMD64 Family 22 Model 48 Stepping 1, AuthenticAMD



---------------  S Y S T E M  ---------------

OS: Windows 10 , 64 bit Build 17134 (10.0.17134.753)

CPU:total 4 (initial active 4) (4 cores per cpu, 1 threads per core) family 22 model 48 stepping 1, cmov, cx8, fxsr, mmx, sse, sse2, sse3, ssse3, sse4.1, sse4.2, popcnt, avx, aes, clmul, mmxext, 3dnowpref, lzcnt, sse4a, tsc, tscinvbit, tscinv, bmi1

Memory: 4k page, physical 11500916k(5101396k free), swap 15170932k(5527684k free)

vm_info: Java HotSpot(TM) 64-Bit Server VM (10.0.1+10) for windows-amd64 JRE (10.0.1+10), built on Mar 27 2018 02:27:48 by "mach5one" with MS VC++ 12.0 (VS2013)

END.
